<?xml version="1.0" encoding="UTF-8"?>
<!-- Generated by org.testng.reporters.JUnitXMLReporter -->
<testsuite hostname="DESKTOP-H6A2BLV" name="Test maven test" tests="4" failures="0" timestamp="17 Feb 2019 11:11:32 GMT" time="0.067" errors="0">
  <testcase name="Print" time="0.019" classname="BDDframework.BDDframework.Mavendemo"/>
  <testcase name="sum" time="0.004" classname="BDDframework.BDDframework.Mavendemo"/>
  <testcase name="Print" time="0.003" classname="BDDframework.BDDframework.Mavendemo1"/>
  <testcase name="sum" time="0.004" classname="BDDframework.BDDframework.Mavendemo1"/>
</testsuite> <!-- Test maven test -->
